
*** Running vivado
    with args -log fir.vds -m64 -product Vivado -mode batch -messageDb vivado.pb -notrace -source fir.tcl


****** Vivado v2022.1 (64-bit)
  **** SW Build 3526262 on Mon Apr 18 15:47:01 MDT 2022
  **** IP Build 3524634 on Mon Apr 18 20:55:01 MDT 2022
    ** Copyright 1986-2022 Xilinx, Inc. All Rights Reserved.

source fir.tcl -notrace
Command: read_checkpoint -auto_incremental -incremental /home/ubuntu/fir_axi/fir_axi.srcs/utils_1/imports/synth_1/fir.dcp
INFO: [Vivado 12-5825] Read reference checkpoint from /home/ubuntu/fir_axi/fir_axi.srcs/utils_1/imports/synth_1/fir.dcp for incremental synthesis
INFO: [Vivado 12-7989] Please ensure there are no constraint changes
Command: synth_design -top fir -part xc7z020clg400-1
Starting synth_design
Attempting to get a license for feature 'Synthesis' and/or device 'xc7z020'
INFO: [Common 17-349] Got license for feature 'Synthesis' and/or device 'xc7z020'
INFO: [Device 21-403] Loading part xc7z020clg400-1
INFO: [Designutils 20-5440] No compile time benefit to using incremental synthesis; A full resynthesis will be run
INFO: [Designutils 20-4379] Flow is switching to default flow due to incremental criteria not met. If you would like to alter this behaviour and have the flow terminate instead, please set the following parameter config_implementation {autoIncr.Synth.RejectBehavior Terminate}
INFO: [Synth 8-7079] Multithreading enabled for synth_design using a maximum of 4 processes.
INFO: [Synth 8-7078] Launching helper process for spawning children vivado processes
INFO: [Synth 8-7075] Helper process launched with PID 52584
---------------------------------------------------------------------------------
Starting RTL Elaboration : Time (s): cpu = 00:00:03 ; elapsed = 00:00:03 . Memory (MB): peak = 2897.141 ; gain = 0.000 ; free physical = 5495 ; free virtual = 10510
---------------------------------------------------------------------------------
INFO: [Synth 8-6157] synthesizing module 'fir' [/home/ubuntu/caravel-soc_fpga-lab/lab-fir/fir/rtl/fir.v:1]
INFO: [Synth 8-6155] done synthesizing module 'fir' (0#1) [/home/ubuntu/caravel-soc_fpga-lab/lab-fir/fir/rtl/fir.v:1]
---------------------------------------------------------------------------------
Finished RTL Elaboration : Time (s): cpu = 00:00:04 ; elapsed = 00:00:04 . Memory (MB): peak = 2897.141 ; gain = 0.000 ; free physical = 6558 ; free virtual = 11574
---------------------------------------------------------------------------------
---------------------------------------------------------------------------------
Start Handling Custom Attributes
---------------------------------------------------------------------------------
---------------------------------------------------------------------------------
Finished Handling Custom Attributes : Time (s): cpu = 00:00:04 ; elapsed = 00:00:04 . Memory (MB): peak = 2897.141 ; gain = 0.000 ; free physical = 6560 ; free virtual = 11576
---------------------------------------------------------------------------------
---------------------------------------------------------------------------------
Finished RTL Optimization Phase 1 : Time (s): cpu = 00:00:04 ; elapsed = 00:00:04 . Memory (MB): peak = 2897.141 ; gain = 0.000 ; free physical = 6560 ; free virtual = 11576
---------------------------------------------------------------------------------
Netlist sorting complete. Time (s): cpu = 00:00:00.01 ; elapsed = 00:00:00 . Memory (MB): peak = 2897.141 ; gain = 0.000 ; free physical = 6560 ; free virtual = 11576
INFO: [Project 1-570] Preparing netlist for logic optimization

Processing XDC Constraints
Initializing timing engine
Parsing XDC File [/home/ubuntu/fir_axi/fir_axi.srcs/constrs_1/new/constrait.xdc]
WARNING: [Constraints 18-6211] Setting input delay on a clock pin 'axis_clk' relative to clock 'axis_clk' defined on the same pin is not supported, ignoring it [/home/ubuntu/fir_axi/fir_axi.srcs/constrs_1/new/constrait.xdc:3]
INFO: [Vivado 12-2286] Implicit search of objects for pattern 'axis_clk' matched to 'port' objects. [/home/ubuntu/fir_axi/fir_axi.srcs/constrs_1/new/constrait.xdc:6]
Resolution: To avoid ambiguous patterns, provide proper objects using get commands e.g. [get_nets xyz].
WARNING: [Constraints 18-6211] Setting input delay on a clock pin 'axis_clk' relative to clock 'axis_clk' defined on the same pin is not supported, ignoring it [/home/ubuntu/fir_axi/fir_axi.srcs/constrs_1/new/constrait.xdc:6]
INFO: [Vivado 12-2286] Implicit search of objects for pattern 'axis_rst_n' matched to 'port' objects. [/home/ubuntu/fir_axi/fir_axi.srcs/constrs_1/new/constrait.xdc:7]
Resolution: To avoid ambiguous patterns, provide proper objects using get commands e.g. [get_nets xyz].
Finished Parsing XDC File [/home/ubuntu/fir_axi/fir_axi.srcs/constrs_1/new/constrait.xdc]
Completed Processing XDC Constraints

Netlist sorting complete. Time (s): cpu = 00:00:00 ; elapsed = 00:00:00 . Memory (MB): peak = 2913.148 ; gain = 0.000 ; free physical = 6505 ; free virtual = 11522
INFO: [Project 1-111] Unisim Transformation Summary:
No Unisim elements were transformed.

Constraint Validation Runtime : Time (s): cpu = 00:00:00.01 ; elapsed = 00:00:00.18 . Memory (MB): peak = 2913.148 ; gain = 0.000 ; free physical = 6505 ; free virtual = 11522
INFO: [Designutils 20-5440] No compile time benefit to using incremental synthesis; A full resynthesis will be run
INFO: [Designutils 20-4379] Flow is switching to default flow due to incremental criteria not met. If you would like to alter this behaviour and have the flow terminate instead, please set the following parameter config_implementation {autoIncr.Synth.RejectBehavior Terminate}
---------------------------------------------------------------------------------
Finished Constraint Validation : Time (s): cpu = 00:00:08 ; elapsed = 00:00:10 . Memory (MB): peak = 2913.148 ; gain = 16.008 ; free physical = 6548 ; free virtual = 11565
---------------------------------------------------------------------------------
---------------------------------------------------------------------------------
Start Loading Part and Timing Information
---------------------------------------------------------------------------------
Loading part: xc7z020clg400-1
---------------------------------------------------------------------------------
Finished Loading Part and Timing Information : Time (s): cpu = 00:00:08 ; elapsed = 00:00:10 . Memory (MB): peak = 2913.148 ; gain = 16.008 ; free physical = 6548 ; free virtual = 11565
---------------------------------------------------------------------------------
---------------------------------------------------------------------------------
Start Applying 'set_property' XDC Constraints
---------------------------------------------------------------------------------
---------------------------------------------------------------------------------
Finished applying 'set_property' XDC Constraints : Time (s): cpu = 00:00:08 ; elapsed = 00:00:10 . Memory (MB): peak = 2913.148 ; gain = 16.008 ; free physical = 6548 ; free virtual = 11565
---------------------------------------------------------------------------------
WARNING: [Synth 8-327] inferring latch for variable 'rdata_reg' [/home/ubuntu/caravel-soc_fpga-lab/lab-fir/fir/rtl/fir.v:143]
---------------------------------------------------------------------------------
Finished RTL Optimization Phase 2 : Time (s): cpu = 00:00:09 ; elapsed = 00:00:11 . Memory (MB): peak = 2913.148 ; gain = 16.008 ; free physical = 6548 ; free virtual = 11565
---------------------------------------------------------------------------------
---------------------------------------------------------------------------------
Start RTL Component Statistics 
---------------------------------------------------------------------------------
Detailed RTL Component Info : 
+---Adders : 
	   2 Input   12 Bit       Adders := 3     
	   2 Input   11 Bit       Adders := 3     
+---Registers : 
	               32 Bit    Registers := 2     
	               12 Bit    Registers := 3     
	               11 Bit    Registers := 2     
	                5 Bit    Registers := 1     
	                4 Bit    Registers := 2     
	                3 Bit    Registers := 3     
	                1 Bit    Registers := 2     
+---Multipliers : 
	              32x32  Multipliers := 1     
+---Muxes : 
	   2 Input   32 Bit        Muxes := 4     
	   3 Input   32 Bit        Muxes := 1     
	   2 Input   12 Bit        Muxes := 3     
	   2 Input   11 Bit        Muxes := 6     
	   3 Input    5 Bit        Muxes := 1     
	   2 Input    3 Bit        Muxes := 2     
	   4 Input    3 Bit        Muxes := 2     
	   2 Input    2 Bit        Muxes := 6     
	   2 Input    1 Bit        Muxes := 18    
	   4 Input    1 Bit        Muxes := 2     
---------------------------------------------------------------------------------
Finished RTL Component Statistics 
---------------------------------------------------------------------------------
---------------------------------------------------------------------------------
Start Part Resource Summary
---------------------------------------------------------------------------------
Part Resources:
DSPs: 220 (col length:60)
BRAMs: 280 (col length: RAMB18 60 RAMB36 30)
---------------------------------------------------------------------------------
Finished Part Resource Summary
---------------------------------------------------------------------------------
---------------------------------------------------------------------------------
Start Cross Boundary and Area Optimization
---------------------------------------------------------------------------------
WARNING: [Synth 8-7080] Parallel synthesis criteria is not met
DSP Report: Generating DSP temp2, operation Mode is: A*B.
DSP Report: operator temp2 is absorbed into DSP temp2.
DSP Report: operator temp2 is absorbed into DSP temp2.
DSP Report: Generating DSP temp2, operation Mode is: (PCIN>>17)+A*B.
DSP Report: operator temp2 is absorbed into DSP temp2.
DSP Report: operator temp2 is absorbed into DSP temp2.
DSP Report: Generating DSP temp2, operation Mode is: A*B.
DSP Report: operator temp2 is absorbed into DSP temp2.
DSP Report: operator temp2 is absorbed into DSP temp2.
DSP Report: Generating DSP temp2, operation Mode is: (PCIN>>17)+A*B.
DSP Report: operator temp2 is absorbed into DSP temp2.
DSP Report: operator temp2 is absorbed into DSP temp2.
WARNING: [Synth 8-3332] Sequential element (rdata_reg[31]) is unused and will be removed from module fir.
WARNING: [Synth 8-3332] Sequential element (rdata_reg[30]) is unused and will be removed from module fir.
WARNING: [Synth 8-3332] Sequential element (rdata_reg[29]) is unused and will be removed from module fir.
WARNING: [Synth 8-3332] Sequential element (rdata_reg[28]) is unused and will be removed from module fir.
WARNING: [Synth 8-3332] Sequential element (rdata_reg[27]) is unused and will be removed from module fir.
WARNING: [Synth 8-3332] Sequential element (rdata_reg[26]) is unused and will be removed from module fir.
WARNING: [Synth 8-3332] Sequential element (rdata_reg[25]) is unused and will be removed from module fir.
WARNING: [Synth 8-3332] Sequential element (rdata_reg[24]) is unused and will be removed from module fir.
WARNING: [Synth 8-3332] Sequential element (rdata_reg[23]) is unused and will be removed from module fir.
WARNING: [Synth 8-3332] Sequential element (rdata_reg[22]) is unused and will be removed from module fir.
WARNING: [Synth 8-3332] Sequential element (rdata_reg[21]) is unused and will be removed from module fir.
WARNING: [Synth 8-3332] Sequential element (rdata_reg[20]) is unused and will be removed from module fir.
WARNING: [Synth 8-3332] Sequential element (rdata_reg[19]) is unused and will be removed from module fir.
WARNING: [Synth 8-3332] Sequential element (rdata_reg[18]) is unused and will be removed from module fir.
WARNING: [Synth 8-3332] Sequential element (rdata_reg[17]) is unused and will be removed from module fir.
WARNING: [Synth 8-3332] Sequential element (rdata_reg[16]) is unused and will be removed from module fir.
WARNING: [Synth 8-3332] Sequential element (rdata_reg[15]) is unused and will be removed from module fir.
WARNING: [Synth 8-3332] Sequential element (rdata_reg[14]) is unused and will be removed from module fir.
WARNING: [Synth 8-3332] Sequential element (rdata_reg[13]) is unused and will be removed from module fir.
WARNING: [Synth 8-3332] Sequential element (rdata_reg[12]) is unused and will be removed from module fir.
WARNING: [Synth 8-3332] Sequential element (rdata_reg[11]) is unused and will be removed from module fir.
WARNING: [Synth 8-3332] Sequential element (rdata_reg[10]) is unused and will be removed from module fir.
WARNING: [Synth 8-3332] Sequential element (rdata_reg[9]) is unused and will be removed from module fir.
WARNING: [Synth 8-3332] Sequential element (rdata_reg[8]) is unused and will be removed from module fir.
WARNING: [Synth 8-3332] Sequential element (rdata_reg[7]) is unused and will be removed from module fir.
WARNING: [Synth 8-3332] Sequential element (rdata_reg[6]) is unused and will be removed from module fir.
WARNING: [Synth 8-3332] Sequential element (rdata_reg[5]) is unused and will be removed from module fir.
WARNING: [Synth 8-3332] Sequential element (rdata_reg[4]) is unused and will be removed from module fir.
WARNING: [Synth 8-3332] Sequential element (rdata_reg[3]) is unused and will be removed from module fir.
WARNING: [Synth 8-3332] Sequential element (rdata_reg[2]) is unused and will be removed from module fir.
WARNING: [Synth 8-3332] Sequential element (rdata_reg[1]) is unused and will be removed from module fir.
WARNING: [Synth 8-3332] Sequential element (rdata_reg[0]) is unused and will be removed from module fir.
---------------------------------------------------------------------------------
Finished Cross Boundary and Area Optimization : Time (s): cpu = 00:00:10 ; elapsed = 00:00:12 . Memory (MB): peak = 2913.148 ; gain = 16.008 ; free physical = 6522 ; free virtual = 11544
---------------------------------------------------------------------------------
---------------------------------------------------------------------------------
Start ROM, RAM, DSP, Shift Register and Retiming Reporting
---------------------------------------------------------------------------------

DSP: Preliminary Mapping Report (see note below. The ' indicates corresponding REG is set)
+------------+----------------+--------+--------+--------+--------+--------+------+------+------+------+-------+------+------+
|Module Name | DSP Mapping    | A Size | B Size | C Size | D Size | P Size | AREG | BREG | CREG | DREG | ADREG | MREG | PREG | 
+------------+----------------+--------+--------+--------+--------+--------+------+------+------+------+-------+------+------+
|fir         | A*B            | 18     | 16     | -      | -      | 48     | 0    | 0    | -    | -    | -     | 0    | 0    | 
|fir         | (PCIN>>17)+A*B | 16     | 16     | -      | -      | 48     | 0    | 0    | -    | -    | -     | 0    | 0    | 
|fir         | A*B            | 18     | 18     | -      | -      | 48     | 0    | 0    | -    | -    | -     | 0    | 0    | 
|fir         | (PCIN>>17)+A*B | 18     | 16     | -      | -      | 48     | 0    | 0    | -    | -    | -     | 0    | 0    | 
+------------+----------------+--------+--------+--------+--------+--------+------+------+------+------+-------+------+------+

Note: The table above is a preliminary report that shows the DSPs inferred at the current stage of the synthesis flow. Some DSP may be reimplemented as non DSP primitives later in the synthesis flow. Multiple instantiated DSPs are reported only once.
---------------------------------------------------------------------------------
Finished ROM, RAM, DSP, Shift Register and Retiming Reporting
---------------------------------------------------------------------------------
---------------------------------------------------------------------------------
Start Applying XDC Timing Constraints
---------------------------------------------------------------------------------
---------------------------------------------------------------------------------
Finished Applying XDC Timing Constraints : Time (s): cpu = 00:00:15 ; elapsed = 00:00:18 . Memory (MB): peak = 2913.148 ; gain = 16.008 ; free physical = 6396 ; free virtual = 11417
---------------------------------------------------------------------------------
---------------------------------------------------------------------------------
Start Timing Optimization
---------------------------------------------------------------------------------
---------------------------------------------------------------------------------
Finished Timing Optimization : Time (s): cpu = 00:00:16 ; elapsed = 00:00:19 . Memory (MB): peak = 2913.148 ; gain = 16.008 ; free physical = 6361 ; free virtual = 11382
---------------------------------------------------------------------------------
---------------------------------------------------------------------------------
Start Technology Mapping
---------------------------------------------------------------------------------
---------------------------------------------------------------------------------
Finished Technology Mapping : Time (s): cpu = 00:00:16 ; elapsed = 00:00:19 . Memory (MB): peak = 2913.148 ; gain = 16.008 ; free physical = 6361 ; free virtual = 11382
---------------------------------------------------------------------------------
---------------------------------------------------------------------------------
Start IO Insertion
---------------------------------------------------------------------------------
---------------------------------------------------------------------------------
Start Flattening Before IO Insertion
---------------------------------------------------------------------------------
---------------------------------------------------------------------------------
Finished Flattening Before IO Insertion
---------------------------------------------------------------------------------
---------------------------------------------------------------------------------
Start Final Netlist Cleanup
---------------------------------------------------------------------------------
---------------------------------------------------------------------------------
Finished Final Netlist Cleanup
---------------------------------------------------------------------------------
---------------------------------------------------------------------------------
Finished IO Insertion : Time (s): cpu = 00:00:18 ; elapsed = 00:00:22 . Memory (MB): peak = 2913.148 ; gain = 16.008 ; free physical = 6360 ; free virtual = 11381
---------------------------------------------------------------------------------
---------------------------------------------------------------------------------
Start Renaming Generated Instances
---------------------------------------------------------------------------------
---------------------------------------------------------------------------------
Finished Renaming Generated Instances : Time (s): cpu = 00:00:18 ; elapsed = 00:00:22 . Memory (MB): peak = 2913.148 ; gain = 16.008 ; free physical = 6360 ; free virtual = 11381
---------------------------------------------------------------------------------
---------------------------------------------------------------------------------
Start Rebuilding User Hierarchy
---------------------------------------------------------------------------------
---------------------------------------------------------------------------------
Finished Rebuilding User Hierarchy : Time (s): cpu = 00:00:18 ; elapsed = 00:00:22 . Memory (MB): peak = 2913.148 ; gain = 16.008 ; free physical = 6360 ; free virtual = 11381
---------------------------------------------------------------------------------
---------------------------------------------------------------------------------
Start Renaming Generated Ports
---------------------------------------------------------------------------------
---------------------------------------------------------------------------------
Finished Renaming Generated Ports : Time (s): cpu = 00:00:18 ; elapsed = 00:00:22 . Memory (MB): peak = 2913.148 ; gain = 16.008 ; free physical = 6360 ; free virtual = 11381
---------------------------------------------------------------------------------
---------------------------------------------------------------------------------
Start Handling Custom Attributes
---------------------------------------------------------------------------------
---------------------------------------------------------------------------------
Finished Handling Custom Attributes : Time (s): cpu = 00:00:18 ; elapsed = 00:00:22 . Memory (MB): peak = 2913.148 ; gain = 16.008 ; free physical = 6360 ; free virtual = 11381
---------------------------------------------------------------------------------
---------------------------------------------------------------------------------
Start Renaming Generated Nets
---------------------------------------------------------------------------------
---------------------------------------------------------------------------------
Finished Renaming Generated Nets : Time (s): cpu = 00:00:18 ; elapsed = 00:00:22 . Memory (MB): peak = 2913.148 ; gain = 16.008 ; free physical = 6360 ; free virtual = 11381
---------------------------------------------------------------------------------
---------------------------------------------------------------------------------
Start Writing Synthesis Report
---------------------------------------------------------------------------------

DSP Final Report (the ' indicates corresponding REG is set)
+------------+--------------+--------+--------+--------+--------+--------+------+------+------+------+-------+------+------+
|Module Name | DSP Mapping  | A Size | B Size | C Size | D Size | P Size | AREG | BREG | CREG | DREG | ADREG | MREG | PREG | 
+------------+--------------+--------+--------+--------+--------+--------+------+------+------+------+-------+------+------+
|fir         | A*B          | 17     | 15     | -      | -      | 48     | 0    | 0    | -    | -    | -     | 0    | 0    | 
|fir         | A*B          | 17     | 17     | -      | -      | 48     | 0    | 0    | -    | -    | -     | 0    | 0    | 
|fir         | PCIN>>17+A*B | 0      | 15     | -      | -      | 48     | 0    | 0    | -    | -    | -     | 0    | 0    | 
+------------+--------------+--------+--------+--------+--------+--------+------+------+------+------+-------+------+------+


Report BlackBoxes: 
+-+--------------+----------+
| |BlackBox name |Instances |
+-+--------------+----------+
+-+--------------+----------+

Report Cell Usage: 
+------+--------+------+
|      |Cell    |Count |
+------+--------+------+
|1     |BUFG    |     1|
|2     |CARRY4  |    16|
|3     |DSP48E1 |     3|
|4     |LUT1    |    16|
|5     |LUT2    |    62|
|6     |LUT3    |    46|
|7     |LUT4    |    52|
|8     |LUT5    |    41|
|9     |LUT6    |   182|
|10    |FDCE    |   164|
|11    |FDPE    |     4|
|12    |IBUF    |   161|
|13    |OBUF    |   169|
+------+--------+------+
---------------------------------------------------------------------------------
Finished Writing Synthesis Report : Time (s): cpu = 00:00:18 ; elapsed = 00:00:22 . Memory (MB): peak = 2913.148 ; gain = 16.008 ; free physical = 6360 ; free virtual = 11381
---------------------------------------------------------------------------------
Synthesis finished with 0 errors, 0 critical warnings and 34 warnings.
Synthesis Optimization Runtime : Time (s): cpu = 00:00:17 ; elapsed = 00:00:20 . Memory (MB): peak = 2913.148 ; gain = 0.000 ; free physical = 6434 ; free virtual = 11455
Synthesis Optimization Complete : Time (s): cpu = 00:00:18 ; elapsed = 00:00:22 . Memory (MB): peak = 2913.156 ; gain = 16.008 ; free physical = 6434 ; free virtual = 11455
INFO: [Project 1-571] Translating synthesized netlist
Netlist sorting complete. Time (s): cpu = 00:00:00 ; elapsed = 00:00:00 . Memory (MB): peak = 2913.156 ; gain = 0.000 ; free physical = 6528 ; free virtual = 11550
INFO: [Netlist 29-17] Analyzing 19 Unisim elements for replacement
INFO: [Netlist 29-28] Unisim Transformation completed in 0 CPU seconds
INFO: [Project 1-570] Preparing netlist for logic optimization
INFO: [Opt 31-138] Pushed 0 inverter(s) to 0 load pin(s).
Netlist sorting complete. Time (s): cpu = 00:00:00 ; elapsed = 00:00:00 . Memory (MB): peak = 2913.156 ; gain = 0.000 ; free physical = 6484 ; free virtual = 11505
INFO: [Project 1-111] Unisim Transformation Summary:
No Unisim elements were transformed.

Synth Design complete, checksum: f1989395
INFO: [Common 17-83] Releasing license: Synthesis
24 Infos, 36 Warnings, 0 Critical Warnings and 0 Errors encountered.
synth_design completed successfully
synth_design: Time (s): cpu = 00:00:26 ; elapsed = 00:00:27 . Memory (MB): peak = 2913.156 ; gain = 16.016 ; free physical = 6672 ; free virtual = 11693
INFO: [Common 17-1381] The checkpoint '/home/ubuntu/fir_axi/fir_axi.runs/synth_1/fir.dcp' has been generated.
INFO: [runtcl-4] Executing : report_utilization -file fir_utilization_synth.rpt -pb fir_utilization_synth.pb
INFO: [Common 17-206] Exiting Vivado at Wed Oct 18 05:34:37 2023...
